[2025-05-20T20:28:52.919Z] ERROR: Invalid password
[2025-05-20T20:31:00.544Z] ERROR: Invalid password
[2025-05-20T20:43:32.392Z] ERROR: Email or Password are invalid
[2025-05-22T18:46:38.280Z] ERROR: [object Object]
[2025-05-22T18:46:57.388Z] ERROR: [object Object]
[2025-05-22T19:14:38.269Z] ERROR: [object Object]
[2025-05-22T19:15:45.762Z] ERROR: [object Object]
[2025-05-22T19:19:29.051Z] ERROR: [object Object]
[2025-05-22T19:19:33.746Z] ERROR: [object Object]
[2025-05-22T19:21:30.457Z] ERROR: [object Object]
[2025-05-22T19:26:56.555Z] ERROR: [object Object]
[2025-05-22T19:27:06.174Z] ERROR: [object Object]
[2025-05-22T19:27:18.087Z] ERROR: [object Object]
[2025-05-22T20:16:09.151Z] ERROR: [object Object]
[2025-05-22T20:16:14.696Z] ERROR: [object Object]
[2025-05-22T20:16:24.798Z] ERROR: [object Object]
[2025-05-22T20:16:38.681Z] ERROR: [object Object]
[2025-05-22T20:17:58.342Z] ERROR: [object Object]
[2025-05-22T21:10:50.209Z] ERROR: [object Object]
[2025-05-22T22:06:03.721Z] ERROR: [object Object]
[2025-05-22T22:06:33.978Z] ERROR: [object Object]
[2025-05-22T22:07:47.731Z] ERROR: [object Object]
[2025-05-22T22:08:49.661Z] ERROR: [object Object]
[2025-05-22T22:09:40.216Z] ERROR: [object Object]
[2025-05-22T22:09:57.343Z] ERROR: [object Object]
[2025-05-22T22:21:33.753Z] ERROR: Email is not register
[2025-05-23T05:28:05.984Z] INFO: invalid expiresIn option for string payload
[2025-05-23T05:28:05.985Z] ERROR: invalid expiresIn option for string payload
[2025-05-23T05:31:15.306Z] INFO: invalid expiresIn option for string payload
[2025-05-23T05:31:15.306Z] ERROR: invalid expiresIn option for string payload
[2025-05-23T05:33:32.656Z] INFO: invalid expiresIn option for string payload
[2025-05-23T05:33:32.657Z] ERROR: invalid expiresIn option for string payload
[2025-05-23T05:37:12.807Z] INFO: eyJhbGciOiJIUzI1NiIsInR5cCI6IkpXVCJ9.eyJpZCI6IjY4MmY4NWRkMDJmOGUxNTlmZjk3YWYzMSIsImlhdCI6MTc0Nzk3ODYzMiwiZXhwIjoxNzQ3OTgyMjMyfQ.5Il_BEqCHVMsYyjX8rWaTpjZfpPalvkir3774_7HQrM
